<?xml version="1.0" ?>
<coverage branch-rate="0.03448" branches-covered="2" branches-valid="58" complexity="0" line-rate="0.4658" lines-covered="150" lines-valid="322" timestamp="1512072281196" version="4.4.1">
	<!-- Generated by coverage.py: https://coverage.readthedocs.io -->
	<!-- Based on https://raw.githubusercontent.com/cobertura/web/master/htdocs/xml/coverage-04.dtd -->
	<sources>
		<source>/Users/Zentrale/Projekte/Public/bexio-api-python-client</source>
	</sources>
	<packages>
		<package branch-rate="0.01786" complexity="0" line-rate="0.4254" name="bexiopy">
			<classes>
				<class branch-rate="1" complexity="0" filename="bexiopy/__init__.py" line-rate="1" name="__init__.py">
					<methods/>
					<lines>
						<line hits="1" number="1"/>
					</lines>
				</class>
				<class branch-rate="1" complexity="0" filename="bexiopy/admin.py" line-rate="0" name="admin.py">
					<methods/>
					<lines>
						<line hits="0" number="2"/>
					</lines>
				</class>
				<class branch-rate="0.02083" complexity="0" filename="bexiopy/api.py" line-rate="0.3854" name="api.py">
					<methods/>
					<lines>
						<line hits="1" number="2"/>
						<line hits="1" number="4"/>
						<line hits="1" number="6"/>
						<line hits="1" number="7"/>
						<line hits="1" number="9"/>
						<line hits="1" number="11"/>
						<line hits="1" number="12"/>
						<line hits="1" number="13"/>
						<line hits="1" number="14"/>
						<line hits="1" number="15"/>
						<line hits="1" number="17"/>
						<line hits="1" number="18"/>
						<line hits="1" number="21"/>
						<line hits="1" number="34"/>
						<line hits="0" number="35"/>
						<line hits="0" number="36"/>
						<line hits="0" number="70"/>
						<line hits="1" number="72"/>
						<line hits="0" number="82"/>
						<line hits="1" number="84"/>
						<line hits="0" number="91"/>
						<line hits="1" number="93"/>
						<line hits="0" number="100"/>
						<line hits="1" number="102"/>
						<line hits="0" number="112"/>
						<line hits="1" number="114"/>
						<line hits="0" number="121"/>
						<line hits="1" number="123"/>
						<line hits="0" number="133"/>
						<line hits="1" number="135"/>
						<line hits="0" number="142"/>
						<line hits="1" number="144"/>
						<line hits="0" number="154"/>
						<line hits="1" number="156"/>
						<line hits="0" number="163"/>
						<line hits="1" number="165"/>
						<line hits="0" number="175"/>
						<line hits="1" number="177"/>
						<line branch="true" condition-coverage="0% (0/2)" hits="0" missing-branches="201,203" number="200"/>
						<line hits="0" number="201"/>
						<line branch="true" condition-coverage="0% (0/2)" hits="0" missing-branches="204,206" number="203"/>
						<line hits="0" number="204"/>
						<line branch="true" condition-coverage="0% (0/2)" hits="0" missing-branches="207,209" number="206"/>
						<line hits="0" number="207"/>
						<line branch="true" condition-coverage="0% (0/2)" hits="0" missing-branches="210,213" number="209"/>
						<line hits="0" number="210"/>
						<line hits="0" number="213"/>
						<line hits="1" number="215"/>
						<line hits="0" number="225"/>
						<line hits="1" number="227"/>
						<line hits="0" number="235"/>
						<line hits="1" number="237"/>
						<line hits="0" number="245"/>
						<line hits="0" number="246"/>
						<line hits="0" number="247"/>
						<line branch="true" condition-coverage="0% (0/2)" hits="0" missing-branches="252,256" number="251"/>
						<line hits="0" number="252"/>
						<line hits="0" number="253"/>
						<line hits="0" number="254"/>
						<line branch="true" condition-coverage="0% (0/2)" hits="0" missing-branches="257,261" number="256"/>
						<line hits="0" number="257"/>
						<line hits="0" number="258"/>
						<line hits="0" number="259"/>
						<line hits="0" number="261"/>
						<line hits="0" number="266"/>
						<line hits="0" number="267"/>
						<line hits="1" number="269"/>
						<line hits="0" number="276"/>
						<line hits="1" number="278"/>
						<line hits="0" number="285"/>
						<line hits="1" number="287"/>
						<line hits="0" number="298"/>
						<line hits="0" number="299"/>
						<line hits="0" number="301"/>
						<line hits="1" number="304"/>
						<line hits="1" number="331"/>
						<line hits="1" number="333"/>
						<line hits="1" number="334"/>
						<line hits="1" number="335"/>
						<line hits="1" number="336"/>
						<line hits="1" number="339"/>
						<line hits="1" number="340"/>
						<line hits="1" number="348"/>
						<line hits="1" number="350"/>
						<line hits="0" number="360"/>
						<line hits="1" number="362"/>
						<line hits="1" number="369"/>
						<line hits="1" number="371"/>
						<line hits="0" number="381"/>
						<line hits="1" number="383"/>
						<line hits="1" number="390"/>
						<line hits="1" number="392"/>
						<line hits="0" number="402"/>
						<line hits="1" number="404"/>
						<line hits="1" number="411"/>
						<line hits="1" number="413"/>
						<line hits="0" number="420"/>
						<line hits="1" number="422"/>
						<line hits="0" number="433"/>
						<line branch="true" condition-coverage="0% (0/2)" hits="0" missing-branches="437,440" number="436"/>
						<line hits="0" number="437"/>
						<line hits="0" number="440"/>
						<line hits="1" number="442"/>
						<line branch="true" condition-coverage="0% (0/2)" hits="0" missing-branches="457,460" number="456"/>
						<line hits="0" number="457"/>
						<line branch="true" condition-coverage="0% (0/2)" hits="0" missing-branches="461,464" number="460"/>
						<line hits="0" number="461"/>
						<line hits="0" number="464"/>
						<line hits="0" number="465"/>
						<line hits="1" number="467"/>
						<line hits="0" number="474"/>
						<line hits="1" number="476"/>
						<line branch="true" condition-coverage="0% (0/2)" hits="0" missing-branches="486,488" number="485"/>
						<line hits="0" number="486"/>
						<line hits="0" number="488"/>
						<line hits="0" number="489"/>
						<line branch="true" condition-coverage="0% (0/2)" hits="0" missing-branches="492,494" number="491"/>
						<line hits="0" number="492"/>
						<line branch="true" condition-coverage="0% (0/2)" hits="0" missing-branches="495,498" number="494"/>
						<line hits="0" number="495"/>
						<line hits="0" number="498"/>
						<line hits="0" number="500"/>
						<line hits="0" number="501"/>
						<line hits="1" number="503"/>
						<line branch="true" condition-coverage="0% (0/2)" hits="0" missing-branches="exit,512" number="511"/>
						<line hits="0" number="512"/>
						<line hits="1" number="514"/>
						<line branch="true" condition-coverage="0% (0/2)" hits="0" missing-branches="525,527" number="524"/>
						<line hits="0" number="525"/>
						<line hits="0" number="527"/>
						<line hits="0" number="528"/>
						<line hits="0" number="529"/>
						<line hits="0" number="531"/>
						<line branch="true" condition-coverage="0% (0/2)" hits="0" missing-branches="533,536" number="532"/>
						<line hits="0" number="533"/>
						<line hits="0" number="534"/>
						<line hits="0" number="536"/>
						<line hits="1" number="538"/>
						<line hits="0" number="555"/>
						<line branch="true" condition-coverage="0% (0/2)" hits="0" missing-branches="557,563" number="556"/>
						<line branch="true" condition-coverage="0% (0/2)" hits="0" missing-branches="558,561" number="557"/>
						<line hits="0" number="558"/>
						<line hits="0" number="561"/>
						<line hits="0" number="563"/>
						<line hits="0" number="564"/>
						<line hits="0" number="565"/>
						<line hits="0" number="567"/>
						<line branch="true" condition-coverage="0% (0/2)" hits="0" missing-branches="570,577" number="569"/>
						<line hits="0" number="570"/>
						<line branch="true" condition-coverage="0% (0/2)" hits="0" missing-branches="572,573" number="571"/>
						<line hits="0" number="572"/>
						<line hits="0" number="573"/>
						<line hits="0" number="574"/>
						<line hits="0" number="575"/>
						<line hits="0" number="577"/>
						<line hits="1" number="580"/>
						<line branch="true" condition-coverage="0% (0/2)" hits="0" missing-branches="588,598" number="587"/>
						<line hits="0" number="588"/>
						<line hits="0" number="598"/>
						<line hits="1" number="600"/>
						<line hits="1" number="607"/>
						<line hits="1" number="614"/>
						<line hits="1" number="615"/>
						<line hits="1" number="617"/>
						<line hits="0" number="625"/>
						<line hits="1" number="630"/>
						<line hits="1" number="637"/>
						<line branch="true" condition-coverage="50% (1/2)" hits="1" missing-branches="639" number="638"/>
						<line hits="0" number="639"/>
						<line hits="0" number="640"/>
						<line hits="0" number="641"/>
						<line hits="0" number="642"/>
						<line hits="1" number="645"/>
						<line hits="1" number="650"/>
						<line hits="1" number="651"/>
						<line hits="1" number="653"/>
						<line branch="true" condition-coverage="0% (0/2)" hits="0" missing-branches="674,678" number="673"/>
						<line hits="0" number="674"/>
						<line branch="true" condition-coverage="0% (0/2)" hits="0" missing-branches="679,682" number="678"/>
						<line hits="0" number="679"/>
						<line hits="0" number="680"/>
						<line hits="0" number="682"/>
						<line branch="true" condition-coverage="0% (0/2)" hits="0" missing-branches="687,690" number="686"/>
						<line hits="0" number="687"/>
						<line hits="0" number="690"/>
						<line hits="0" number="691"/>
						<line hits="0" number="692"/>
						<line hits="0" number="694"/>
						<line hits="1" number="697"/>
						<line hits="1" number="722"/>
						<line hits="1" number="723"/>
						<line hits="1" number="724"/>
					</lines>
				</class>
				<class branch-rate="1" complexity="0" filename="bexiopy/apps.py" line-rate="0" name="apps.py">
					<methods/>
					<lines>
						<line hits="0" number="2"/>
						<line hits="0" number="5"/>
						<line hits="0" number="6"/>
					</lines>
				</class>
				<class branch-rate="1" complexity="0" filename="bexiopy/helpers.py" line-rate="0.6667" name="helpers.py">
					<methods/>
					<lines>
						<line hits="1" number="2"/>
						<line hits="1" number="5"/>
						<line hits="0" number="18"/>
					</lines>
				</class>
				<class branch-rate="0" complexity="0" filename="bexiopy/models.py" line-rate="0.3077" name="models.py">
					<methods/>
					<lines>
						<line hits="1" number="2"/>
						<line hits="1" number="5"/>
						<line hits="1" number="10"/>
						<line hits="1" number="14"/>
						<line hits="0" number="16"/>
						<line hits="0" number="17"/>
						<line hits="1" number="19"/>
						<line hits="0" number="20"/>
						<line hits="0" number="26"/>
						<line hits="0" number="28"/>
						<line hits="0" number="29"/>
						<line hits="0" number="30"/>
						<line hits="1" number="32"/>
						<line branch="true" condition-coverage="0% (0/2)" hits="0" missing-branches="40,43" number="39"/>
						<line hits="0" number="40"/>
						<line branch="true" condition-coverage="0% (0/2)" hits="0" missing-branches="44,47" number="43"/>
						<line hits="0" number="44"/>
						<line hits="0" number="47"/>
						<line hits="0" number="69"/>
						<line hits="0" number="82"/>
						<line branch="true" condition-coverage="0% (0/2)" hits="0" missing-branches="87,94" number="86"/>
						<line hits="0" number="87"/>
						<line hits="0" number="88"/>
						<line hits="0" number="94"/>
						<line hits="1" number="96"/>
						<line hits="1" number="97"/>
					</lines>
				</class>
				<class branch-rate="1" complexity="0" filename="bexiopy/settings.py" line-rate="0.9048" name="settings.py">
					<methods/>
					<lines>
						<line hits="1" number="2"/>
						<line hits="1" number="3"/>
						<line hits="1" number="4"/>
						<line hits="1" number="5"/>
						<line hits="1" number="6"/>
						<line hits="1" number="7"/>
						<line hits="0" number="8"/>
						<line hits="0" number="9"/>
						<line hits="1" number="12"/>
						<line hits="1" number="21"/>
						<line hits="1" number="53"/>
						<line hits="1" number="54"/>
						<line hits="1" number="55"/>
						<line hits="1" number="58"/>
						<line hits="1" number="59"/>
						<line hits="1" number="60"/>
						<line hits="1" number="61"/>
						<line hits="1" number="62"/>
						<line hits="1" number="63"/>
						<line hits="1" number="65"/>
						<line hits="1" number="114"/>
					</lines>
				</class>
				<class branch-rate="1" complexity="0" filename="bexiopy/urls.py" line-rate="1" name="urls.py">
					<methods/>
					<lines>
						<line hits="1" number="2"/>
						<line hits="1" number="4"/>
						<line hits="1" number="7"/>
					</lines>
				</class>
				<class branch-rate="0" complexity="0" filename="bexiopy/views.py" line-rate="0.3889" name="views.py">
					<methods/>
					<lines>
						<line hits="1" number="2"/>
						<line hits="1" number="3"/>
						<line hits="1" number="4"/>
						<line hits="1" number="5"/>
						<line hits="0" number="6"/>
						<line hits="0" number="7"/>
						<line hits="0" number="8"/>
						<line hits="1" number="10"/>
						<line hits="1" number="13"/>
						<line hits="1" number="19"/>
						<line hits="0" number="28"/>
						<line hits="0" number="29"/>
						<line branch="true" condition-coverage="0% (0/2)" hits="0" missing-branches="32,34" number="31"/>
						<line hits="0" number="32"/>
						<line hits="0" number="34"/>
						<line hits="0" number="35"/>
						<line hits="0" number="36"/>
						<line hits="0" number="37"/>
					</lines>
				</class>
			</classes>
		</package>
		<package branch-rate="1" complexity="0" line-rate="1" name="bexiopy.migrations">
			<classes>
				<class branch-rate="1" complexity="0" filename="bexiopy/migrations/__init__.py" line-rate="1" name="__init__.py">
					<methods/>
					<lines/>
				</class>
			</classes>
		</package>
		<package branch-rate="0.5" complexity="0" line-rate="0.6667" name="bexiopy.resources">
			<classes>
				<class branch-rate="1" complexity="0" filename="bexiopy/resources/__init__.py" line-rate="1" name="__init__.py">
					<methods/>
					<lines/>
				</class>
				<class branch-rate="0.5" complexity="0" filename="bexiopy/resources/base.py" line-rate="0.6071" name="base.py">
					<methods/>
					<lines>
						<line hits="1" number="2"/>
						<line hits="1" number="4"/>
						<line hits="1" number="7"/>
						<line hits="1" number="11"/>
						<line hits="1" number="12"/>
						<line hits="1" number="13"/>
						<line hits="1" number="16"/>
						<line hits="1" number="28"/>
						<line hits="1" number="29"/>
						<line branch="true" condition-coverage="50% (1/2)" hits="1" missing-branches="31" number="30"/>
						<line hits="0" number="31"/>
						<line hits="1" number="35"/>
						<line hits="0" number="42"/>
						<line hits="1" number="44"/>
						<line hits="0" number="54"/>
						<line hits="1" number="56"/>
						<line hits="0" number="66"/>
						<line hits="1" number="68"/>
						<line hits="0" number="78"/>
						<line hits="0" number="79"/>
						<line hits="1" number="81"/>
						<line hits="0" number="92"/>
						<line hits="1" number="94"/>
						<line hits="0" number="104"/>
						<line hits="0" number="105"/>
						<line hits="1" number="107"/>
						<line hits="0" number="118"/>
						<line hits="0" number="119"/>
					</lines>
				</class>
				<class branch-rate="1" complexity="0" filename="bexiopy/resources/contacts.py" line-rate="0.8571" name="contacts.py">
					<methods/>
					<lines>
						<line hits="1" number="2"/>
						<line hits="1" number="4"/>
						<line hits="1" number="7"/>
						<line hits="1" number="15"/>
						<line hits="1" number="16"/>
						<line hits="1" number="18"/>
						<line hits="0" number="25"/>
					</lines>
				</class>
				<class branch-rate="1" complexity="0" filename="bexiopy/resources/general.py" line-rate="0.7143" name="general.py">
					<methods/>
					<lines>
						<line hits="1" number="2"/>
						<line hits="1" number="4"/>
						<line hits="1" number="7"/>
						<line hits="1" number="11"/>
						<line hits="0" number="17"/>
						<line hits="1" number="19"/>
						<line hits="0" number="25"/>
					</lines>
				</class>
				<class branch-rate="1" complexity="0" filename="bexiopy/resources/invoices.py" line-rate="0.6667" name="invoices.py">
					<methods/>
					<lines>
						<line hits="1" number="2"/>
						<line hits="1" number="4"/>
						<line hits="1" number="5"/>
						<line hits="1" number="8"/>
						<line hits="1" number="16"/>
						<line hits="1" number="17"/>
						<line hits="1" number="19"/>
						<line hits="0" number="30"/>
						<line hits="0" number="31"/>
						<line hits="1" number="33"/>
						<line hits="0" number="43"/>
						<line hits="0" number="44"/>
					</lines>
				</class>
			</classes>
		</package>
	</packages>
</coverage>
